c:\vs_repos\djiinterface\djilib_creation\djilib\debug\vc141.pdb
c:\vs_repos\djiinterface\djilib_creation\djilib\debug\vc141.idb
c:\vs_repos\djiinterface\djilib_creation\djilib\debug\dji_hard_driver.obj
c:\vs_repos\djiinterface\djilib_creation\djilib\debug\dji_waypoint.obj
c:\vs_repos\djiinterface\djilib_creation\djilib\debug\dji_virtual_rc.obj
c:\vs_repos\djiinterface\djilib_creation\djilib\debug\dji_version.obj
c:\vs_repos\djiinterface\djilib_creation\djilib\debug\dji_vehicle.obj
c:\vs_repos\djiinterface\djilib_creation\djilib\debug\dji_subscription.obj
c:\vs_repos\djiinterface\djilib_creation\djilib\debug\dji_mobile_device.obj
c:\vs_repos\djiinterface\djilib_creation\djilib\debug\dji_mobile_communication.obj
c:\vs_repos\djiinterface\djilib_creation\djilib\debug\dji_mission_manager.obj
c:\vs_repos\djiinterface\djilib_creation\djilib\debug\dji_mfio.obj
c:\vs_repos\djiinterface\djilib_creation\djilib\debug\dji_hotpoint.obj
c:\vs_repos\djiinterface\djilib_creation\djilib\debug\dji_hardware_sync.obj
c:\vs_repos\djiinterface\djilib_creation\djilib\debug\dji_gimbal.obj
c:\vs_repos\djiinterface\djilib_creation\djilib\debug\dji_error.obj
c:\vs_repos\djiinterface\djilib_creation\djilib\debug\dji_control.obj
c:\vs_repos\djiinterface\djilib_creation\djilib\debug\dji_command.obj
c:\vs_repos\djiinterface\djilib_creation\djilib\debug\dji_camera.obj
c:\vs_repos\djiinterface\djilib_creation\djilib\debug\dji_broadcast.obj
c:\vs_repos\djiinterface\djilib_creation\djilib\debug\dji_ack.obj
c:\vs_repos\djiinterface\djilib_creation\djilib\debug\apidetails.obj
c:\vs_repos\djiinterface\djilib_creation\djilib\debug\win_serial_device.obj
c:\vs_repos\djiinterface\djilib_creation\djilib\debug\systime.obj
c:\vs_repos\djiinterface\djilib_creation\djilib\debug\dji_singleton.obj
c:\vs_repos\djiinterface\djilib_creation\djilib\debug\dji_circular_buffer.obj
c:\vs_repos\djiinterface\djilib_creation\djilib\debug\dji_protocol_base.obj
c:\vs_repos\djiinterface\djilib_creation\djilib\debug\dji_open_protocol.obj
c:\vs_repos\djiinterface\djilib_creation\djilib\debug\dji_aes.obj
c:\vs_repos\djiinterface\djilib_creation\djilib\debug\posix_thread_manager.obj
c:\vs_repos\djiinterface\djilib_creation\djilib\debug\posix_thread.obj
c:\vs_repos\djiinterface\djilib_creation\djilib\debug\dji_memory_default.obj
c:\vs_repos\djiinterface\djilib_creation\djilib\debug\dji_thread_manager.obj
c:\vs_repos\djiinterface\djilib_creation\djilib\debug\dji_platform_manager.obj
c:\vs_repos\djiinterface\djilib_creation\djilib\debug\dji_memory.obj
c:\vs_repos\djiinterface\djilib_creation\djilib\debug\dji_log.obj
c:\vs_repos\djiinterface\djilib_creation\debug\djilib.lib
c:\vs_repos\djiinterface\djilib_creation\debug\djilib.exp
c:\vs_repos\djiinterface\djilib_creation\debug\djilib.dll
c:\vs_repos\djiinterface\djilib_creation\debug\djilib.ilk
c:\vs_repos\djiinterface\djilib_creation\debug\djilib.pdb
c:\vs_repos\djiinterface\djilib_creation\djilib\debug\djilib.tlog\cl.command.1.tlog
c:\vs_repos\djiinterface\djilib_creation\djilib\debug\djilib.tlog\cl.read.1.tlog
c:\vs_repos\djiinterface\djilib_creation\djilib\debug\djilib.tlog\cl.write.1.tlog
c:\vs_repos\djiinterface\djilib_creation\djilib\debug\djilib.tlog\djilib.write.1u.tlog
c:\vs_repos\djiinterface\djilib_creation\djilib\debug\djilib.tlog\link.19104.delete.1.tlog
c:\vs_repos\djiinterface\djilib_creation\djilib\debug\djilib.tlog\link.command.1.tlog
c:\vs_repos\djiinterface\djilib_creation\djilib\debug\djilib.tlog\link.read.1.tlog
c:\vs_repos\djiinterface\djilib_creation\djilib\debug\djilib.tlog\link.write.1.tlog
